2024-11-30 01:22:53,062 | INFO | Василий :имя введено верно
2024-11-30 01:22:53,062 | INFO | Василий ввод скорости выполнен успешно 
2024-11-30 01:22:53,062 | INFO | Анатолий :имя введено верно
2024-11-30 01:22:53,062 | INFO | Анатолий ввод скорости выполнен успешно 
2024-11-30 01:22:53,062 | INFO | Григорий :имя введено верно
2024-11-30 01:22:53,063 | INFO | Григорий ввод скорости выполнен успешно 
2024-11-30 01:22:53,063 | ERROR | 123 Ошибка ввода имени
Traceback (most recent call last):
  File "C:\Users\Alpha\Desktop\Питон\Домашние задания\Modul_12\modul_12_4.py", line 9, in __init__
    name + 'ddd'
    ~~~~~^~~~~~~
TypeError: unsupported operand type(s) for +: 'int' and 'str'
2024-11-30 01:22:53,115 | INFO | 123 ввод скорости выполнен успешно 
2024-11-30 01:22:53,115 | INFO | Толя :имя введено верно
2024-11-30 01:22:53,115 | ERROR | Толя Ошибка ввода скорости
Traceback (most recent call last):
  File "C:\Users\Alpha\Desktop\Питон\Домашние задания\Modul_12\modul_12_4.py", line 17, in __init__
    1/speed
    ~^~~~~~
TypeError: unsupported operand type(s) for /: 'int' and 'str'
2024-11-30 01:22:53,116 | INFO | Гриша :имя введено верно
2024-11-30 01:22:53,116 | INFO | Гриша ввод скорости выполнен успешно 
2024-11-30 01:22:53,116 | INFO | Васюта :имя введено верно
2024-11-30 01:22:53,116 | INFO | Васюта ввод скорости выполнен успешно 
2024-11-30 01:22:53,117 | INFO | Тоша :имя введено верно
2024-11-30 01:22:53,117 | INFO | Тоша ввод скорости выполнен успешно 
2024-11-30 01:22:53,117 | INFO | Гришуня :имя введено верно
2024-11-30 01:22:53,117 | ERROR | Гришуня ошибка ввода скорости
NoneType: None
2024-11-30 01:22:53,140 | INFO | tur_1 "test_run" пройден успешно
2024-11-30 01:22:53,140 | INFO | tur_2 "test_run" не пройден
2024-11-30 01:22:53,252 | INFO | tur_3 "test_run" не пройден
2024-11-30 01:22:53,253 | INFO | tur_1 "test_walk" пройден успешно
2024-11-30 01:22:53,832 | INFO | tur_2 "test_walk" не пройден
2024-11-30 01:22:53,833 | INFO | tur_3 "test_walk" пройден успешно
